INFO  @ Thu, 23 Sep 2021 01:20:50: 
# Command line: callpeak -t SRR500622_S288C_aln.bam -c SRR500630_S288C_aln.bam -f BAM -g 1.3e+8 --outdir macs2 -n macs_SRR500622_SRR500630_Hog1IP_mockIP_YEPD
# ARGUMENTS LIST:
# name = macs_SRR500622_SRR500630_Hog1IP_mockIP_YEPD
# format = BAM
# ChIP-seq file = ['SRR500622_S288C_aln.bam']
# control file = ['SRR500630_S288C_aln.bam']
# effective genome size = 1.30e+08
# band width = 300
# model fold = [5, 50]
# qvalue cutoff = 5.00e-02
# The maximum gap between significant sites is assigned as the read length/tag size.
# The minimum length of peaks is assigned as the predicted fragment length "d".
# Larger dataset will be scaled towards smaller dataset.
# Range for calculating regional lambda is: 1000 bps and 10000 bps
# Broad region calling is off
# Paired-End mode is off
 
INFO  @ Thu, 23 Sep 2021 01:20:50: #1 read tag files... 
INFO  @ Thu, 23 Sep 2021 01:20:50: #1 read treatment tags... 
INFO  @ Thu, 23 Sep 2021 01:20:52:  1000000 
INFO  @ Thu, 23 Sep 2021 01:20:54:  2000000 
INFO  @ Thu, 23 Sep 2021 01:20:55:  3000000 
INFO  @ Thu, 23 Sep 2021 01:20:57:  4000000 
INFO  @ Thu, 23 Sep 2021 01:20:59:  5000000 
INFO  @ Thu, 23 Sep 2021 01:21:01:  6000000 
INFO  @ Thu, 23 Sep 2021 01:21:03:  7000000 
INFO  @ Thu, 23 Sep 2021 01:21:04:  8000000 
INFO  @ Thu, 23 Sep 2021 01:21:06:  9000000 
INFO  @ Thu, 23 Sep 2021 01:21:08:  10000000 
INFO  @ Thu, 23 Sep 2021 01:21:10:  11000000 
INFO  @ Thu, 23 Sep 2021 01:21:10: 11322972 reads have been read. 
INFO  @ Thu, 23 Sep 2021 01:21:10: #1.2 read input tags... 
INFO  @ Thu, 23 Sep 2021 01:21:12:  1000000 
INFO  @ Thu, 23 Sep 2021 01:21:14:  2000000 
INFO  @ Thu, 23 Sep 2021 01:21:16:  3000000 
INFO  @ Thu, 23 Sep 2021 01:21:18:  4000000 
INFO  @ Thu, 23 Sep 2021 01:21:20:  5000000 
INFO  @ Thu, 23 Sep 2021 01:21:22:  6000000 
INFO  @ Thu, 23 Sep 2021 01:21:23: 6618931 reads have been read. 
INFO  @ Thu, 23 Sep 2021 01:21:24: #1 tag size is determined as 32 bps 
INFO  @ Thu, 23 Sep 2021 01:21:24: #1 tag size = 32.0 
INFO  @ Thu, 23 Sep 2021 01:21:24: #1  total tags in treatment: 11322972 
INFO  @ Thu, 23 Sep 2021 01:21:24: #1 user defined the maximum tags... 
INFO  @ Thu, 23 Sep 2021 01:21:24: #1 filter out redundant tags at the same location and the same strand by allowing at most 1 tag(s) 
INFO  @ Thu, 23 Sep 2021 01:21:24: #1  tags after filtering in treatment: 6633896 
INFO  @ Thu, 23 Sep 2021 01:21:24: #1  Redundant rate of treatment: 0.41 
INFO  @ Thu, 23 Sep 2021 01:21:24: #1  total tags in control: 6618931 
INFO  @ Thu, 23 Sep 2021 01:21:24: #1 user defined the maximum tags... 
INFO  @ Thu, 23 Sep 2021 01:21:24: #1 filter out redundant tags at the same location and the same strand by allowing at most 1 tag(s) 
INFO  @ Thu, 23 Sep 2021 01:21:24: #1  tags after filtering in control: 2933099 
INFO  @ Thu, 23 Sep 2021 01:21:24: #1  Redundant rate of control: 0.56 
INFO  @ Thu, 23 Sep 2021 01:21:24: #1 finished! 
INFO  @ Thu, 23 Sep 2021 01:21:24: #2 Build Peak Model... 
INFO  @ Thu, 23 Sep 2021 01:21:24: #2 looking for paired plus/minus strand peaks... 
INFO  @ Thu, 23 Sep 2021 01:21:26: #2 number of paired peaks: 18767 
INFO  @ Thu, 23 Sep 2021 01:21:26: start model_add_line... 
INFO  @ Thu, 23 Sep 2021 01:21:28: start X-correlation... 
INFO  @ Thu, 23 Sep 2021 01:21:28: end of X-cor 
INFO  @ Thu, 23 Sep 2021 01:21:28: #2 finished! 
INFO  @ Thu, 23 Sep 2021 01:21:28: #2 predicted fragment length is 185 bps 
INFO  @ Thu, 23 Sep 2021 01:21:28: #2 alternative fragment length(s) may be 185 bps 
INFO  @ Thu, 23 Sep 2021 01:21:28: #2.2 Generate R script for model : macs2/macs_SRR500622_SRR500630_Hog1IP_mockIP_YEPD_model.r 
INFO  @ Thu, 23 Sep 2021 01:21:28: #3 Call peaks... 
INFO  @ Thu, 23 Sep 2021 01:21:28: #3 Pre-compute pvalue-qvalue table... 
INFO  @ Thu, 23 Sep 2021 01:21:40: #3 Call peaks for each chromosome... 
INFO  @ Thu, 23 Sep 2021 01:21:44: #4 Write output xls file... macs2/macs_SRR500622_SRR500630_Hog1IP_mockIP_YEPD_peaks.xls 
INFO  @ Thu, 23 Sep 2021 01:21:44: #4 Write peak in narrowPeak format file... macs2/macs_SRR500622_SRR500630_Hog1IP_mockIP_YEPD_peaks.narrowPeak 
INFO  @ Thu, 23 Sep 2021 01:21:44: #4 Write summits bed file... macs2/macs_SRR500622_SRR500630_Hog1IP_mockIP_YEPD_summits.bed 
INFO  @ Thu, 23 Sep 2021 01:21:44: Done! 
