INFO  @ Thu, 23 Sep 2021 01:15:08: 
# Command line: callpeak -t SRR500627_S288C_aln.bam -c SRR500631_S288C_aln.bam -f BAM -g 1.3e+8 --outdir macs2 -n macs_SRR500627_SRR500631_Sko1IP_mockIP_KCI
# ARGUMENTS LIST:
# name = macs_SRR500627_SRR500631_Sko1IP_mockIP_KCI
# format = BAM
# ChIP-seq file = ['SRR500627_S288C_aln.bam']
# control file = ['SRR500631_S288C_aln.bam']
# effective genome size = 1.30e+08
# band width = 300
# model fold = [5, 50]
# qvalue cutoff = 5.00e-02
# The maximum gap between significant sites is assigned as the read length/tag size.
# The minimum length of peaks is assigned as the predicted fragment length "d".
# Larger dataset will be scaled towards smaller dataset.
# Range for calculating regional lambda is: 1000 bps and 10000 bps
# Broad region calling is off
# Paired-End mode is off
 
INFO  @ Thu, 23 Sep 2021 01:15:08: #1 read tag files... 
INFO  @ Thu, 23 Sep 2021 01:15:08: #1 read treatment tags... 
INFO  @ Thu, 23 Sep 2021 01:15:10:  1000000 
INFO  @ Thu, 23 Sep 2021 01:15:12:  2000000 
INFO  @ Thu, 23 Sep 2021 01:15:14:  3000000 
INFO  @ Thu, 23 Sep 2021 01:15:16:  4000000 
INFO  @ Thu, 23 Sep 2021 01:15:17: 4383000 reads have been read. 
INFO  @ Thu, 23 Sep 2021 01:15:17: #1.2 read input tags... 
INFO  @ Thu, 23 Sep 2021 01:15:20:  1000000 
INFO  @ Thu, 23 Sep 2021 01:15:22:  2000000 
INFO  @ Thu, 23 Sep 2021 01:15:24:  3000000 
INFO  @ Thu, 23 Sep 2021 01:15:26:  4000000 
INFO  @ Thu, 23 Sep 2021 01:15:28:  5000000 
INFO  @ Thu, 23 Sep 2021 01:15:30:  6000000 
INFO  @ Thu, 23 Sep 2021 01:15:32:  7000000 
INFO  @ Thu, 23 Sep 2021 01:15:35:  8000000 
INFO  @ Thu, 23 Sep 2021 01:15:37:  9000000 
INFO  @ Thu, 23 Sep 2021 01:15:39:  10000000 
INFO  @ Thu, 23 Sep 2021 01:15:41:  11000000 
INFO  @ Thu, 23 Sep 2021 01:15:43:  12000000 
INFO  @ Thu, 23 Sep 2021 01:15:43: 12324900 reads have been read. 
INFO  @ Thu, 23 Sep 2021 01:15:44: #1 tag size is determined as 32 bps 
INFO  @ Thu, 23 Sep 2021 01:15:44: #1 tag size = 32.0 
INFO  @ Thu, 23 Sep 2021 01:15:44: #1  total tags in treatment: 4383000 
INFO  @ Thu, 23 Sep 2021 01:15:44: #1 user defined the maximum tags... 
INFO  @ Thu, 23 Sep 2021 01:15:44: #1 filter out redundant tags at the same location and the same strand by allowing at most 1 tag(s) 
INFO  @ Thu, 23 Sep 2021 01:15:44: #1  tags after filtering in treatment: 2179818 
INFO  @ Thu, 23 Sep 2021 01:15:44: #1  Redundant rate of treatment: 0.50 
INFO  @ Thu, 23 Sep 2021 01:15:44: #1  total tags in control: 12324900 
INFO  @ Thu, 23 Sep 2021 01:15:44: #1 user defined the maximum tags... 
INFO  @ Thu, 23 Sep 2021 01:15:44: #1 filter out redundant tags at the same location and the same strand by allowing at most 1 tag(s) 
INFO  @ Thu, 23 Sep 2021 01:15:44: #1  tags after filtering in control: 4909788 
INFO  @ Thu, 23 Sep 2021 01:15:44: #1  Redundant rate of control: 0.60 
INFO  @ Thu, 23 Sep 2021 01:15:44: #1 finished! 
INFO  @ Thu, 23 Sep 2021 01:15:44: #2 Build Peak Model... 
INFO  @ Thu, 23 Sep 2021 01:15:44: #2 looking for paired plus/minus strand peaks... 
INFO  @ Thu, 23 Sep 2021 01:15:45: #2 number of paired peaks: 17887 
INFO  @ Thu, 23 Sep 2021 01:15:45: start model_add_line... 
INFO  @ Thu, 23 Sep 2021 01:15:45: start X-correlation... 
INFO  @ Thu, 23 Sep 2021 01:15:45: end of X-cor 
INFO  @ Thu, 23 Sep 2021 01:15:45: #2 finished! 
INFO  @ Thu, 23 Sep 2021 01:15:45: #2 predicted fragment length is 190 bps 
INFO  @ Thu, 23 Sep 2021 01:15:45: #2 alternative fragment length(s) may be 190 bps 
INFO  @ Thu, 23 Sep 2021 01:15:45: #2.2 Generate R script for model : macs2/macs_SRR500627_SRR500631_Sko1IP_mockIP_KCI_model.r 
INFO  @ Thu, 23 Sep 2021 01:15:45: #3 Call peaks... 
INFO  @ Thu, 23 Sep 2021 01:15:45: #3 Pre-compute pvalue-qvalue table... 
INFO  @ Thu, 23 Sep 2021 01:15:58: #3 Call peaks for each chromosome... 
INFO  @ Thu, 23 Sep 2021 01:16:04: #4 Write output xls file... macs2/macs_SRR500627_SRR500631_Sko1IP_mockIP_KCI_peaks.xls 
INFO  @ Thu, 23 Sep 2021 01:16:04: #4 Write peak in narrowPeak format file... macs2/macs_SRR500627_SRR500631_Sko1IP_mockIP_KCI_peaks.narrowPeak 
INFO  @ Thu, 23 Sep 2021 01:16:04: #4 Write summits bed file... macs2/macs_SRR500627_SRR500631_Sko1IP_mockIP_KCI_summits.bed 
INFO  @ Thu, 23 Sep 2021 01:16:04: Done! 
