INFO  @ Thu, 23 Sep 2021 00:55:26: 
# Command line: callpeak -t SRR500626_S288C_aln.bam -c SRR500630_S288C_aln.bam -f BAM -g 1.3e+8 --outdir macs2 -n macs_SRR500626_SRR500630_Sko1IP_YEPD
# ARGUMENTS LIST:
# name = macs_SRR500626_SRR500630_Sko1IP_YEPD
# format = BAM
# ChIP-seq file = ['SRR500626_S288C_aln.bam']
# control file = ['SRR500630_S288C_aln.bam']
# effective genome size = 1.30e+08
# band width = 300
# model fold = [5, 50]
# qvalue cutoff = 5.00e-02
# The maximum gap between significant sites is assigned as the read length/tag size.
# The minimum length of peaks is assigned as the predicted fragment length "d".
# Larger dataset will be scaled towards smaller dataset.
# Range for calculating regional lambda is: 1000 bps and 10000 bps
# Broad region calling is off
# Paired-End mode is off
 
INFO  @ Thu, 23 Sep 2021 00:55:26: #1 read tag files... 
INFO  @ Thu, 23 Sep 2021 00:55:26: #1 read treatment tags... 
INFO  @ Thu, 23 Sep 2021 00:55:29:  1000000 
INFO  @ Thu, 23 Sep 2021 00:55:31:  2000000 
INFO  @ Thu, 23 Sep 2021 00:55:33:  3000000 
INFO  @ Thu, 23 Sep 2021 00:55:35:  4000000 
INFO  @ Thu, 23 Sep 2021 00:55:37:  5000000 
INFO  @ Thu, 23 Sep 2021 00:55:38: 5289450 reads have been read. 
INFO  @ Thu, 23 Sep 2021 00:55:38: #1.2 read input tags... 
INFO  @ Thu, 23 Sep 2021 00:55:40:  1000000 
INFO  @ Thu, 23 Sep 2021 00:55:42:  2000000 
INFO  @ Thu, 23 Sep 2021 00:55:44:  3000000 
INFO  @ Thu, 23 Sep 2021 00:55:47:  4000000 
INFO  @ Thu, 23 Sep 2021 00:55:49:  5000000 
INFO  @ Thu, 23 Sep 2021 00:55:51:  6000000 
INFO  @ Thu, 23 Sep 2021 00:55:53: 6618931 reads have been read. 
INFO  @ Thu, 23 Sep 2021 00:55:53: #1 tag size is determined as 36 bps 
INFO  @ Thu, 23 Sep 2021 00:55:53: #1 tag size = 36.0 
INFO  @ Thu, 23 Sep 2021 00:55:53: #1  total tags in treatment: 5289450 
INFO  @ Thu, 23 Sep 2021 00:55:53: #1 user defined the maximum tags... 
INFO  @ Thu, 23 Sep 2021 00:55:53: #1 filter out redundant tags at the same location and the same strand by allowing at most 1 tag(s) 
INFO  @ Thu, 23 Sep 2021 00:55:53: #1  tags after filtering in treatment: 3663029 
INFO  @ Thu, 23 Sep 2021 00:55:53: #1  Redundant rate of treatment: 0.31 
INFO  @ Thu, 23 Sep 2021 00:55:53: #1  total tags in control: 6618931 
INFO  @ Thu, 23 Sep 2021 00:55:53: #1 user defined the maximum tags... 
INFO  @ Thu, 23 Sep 2021 00:55:53: #1 filter out redundant tags at the same location and the same strand by allowing at most 1 tag(s) 
INFO  @ Thu, 23 Sep 2021 00:55:53: #1  tags after filtering in control: 2933099 
INFO  @ Thu, 23 Sep 2021 00:55:53: #1  Redundant rate of control: 0.56 
INFO  @ Thu, 23 Sep 2021 00:55:53: #1 finished! 
INFO  @ Thu, 23 Sep 2021 00:55:53: #2 Build Peak Model... 
INFO  @ Thu, 23 Sep 2021 00:55:53: #2 looking for paired plus/minus strand peaks... 
INFO  @ Thu, 23 Sep 2021 00:55:54: #2 number of paired peaks: 18529 
INFO  @ Thu, 23 Sep 2021 00:55:54: start model_add_line... 
INFO  @ Thu, 23 Sep 2021 00:55:55: start X-correlation... 
INFO  @ Thu, 23 Sep 2021 00:55:55: end of X-cor 
INFO  @ Thu, 23 Sep 2021 00:55:55: #2 finished! 
INFO  @ Thu, 23 Sep 2021 00:55:55: #2 predicted fragment length is 183 bps 
INFO  @ Thu, 23 Sep 2021 00:55:55: #2 alternative fragment length(s) may be 183,585 bps 
INFO  @ Thu, 23 Sep 2021 00:55:55: #2.2 Generate R script for model : macs2/macs_SRR500626_SRR500630_Sko1IP_YEPD_model.r 
INFO  @ Thu, 23 Sep 2021 00:55:55: #3 Call peaks... 
INFO  @ Thu, 23 Sep 2021 00:55:55: #3 Pre-compute pvalue-qvalue table... 
INFO  @ Thu, 23 Sep 2021 00:56:08: #3 Call peaks for each chromosome... 
INFO  @ Thu, 23 Sep 2021 00:56:13: #4 Write output xls file... macs2/macs_SRR500626_SRR500630_Sko1IP_YEPD_peaks.xls 
INFO  @ Thu, 23 Sep 2021 00:56:13: #4 Write peak in narrowPeak format file... macs2/macs_SRR500626_SRR500630_Sko1IP_YEPD_peaks.narrowPeak 
INFO  @ Thu, 23 Sep 2021 00:56:13: #4 Write summits bed file... macs2/macs_SRR500626_SRR500630_Sko1IP_YEPD_summits.bed 
INFO  @ Thu, 23 Sep 2021 00:56:13: Done! 
