INFO  @ Thu, 23 Sep 2021 01:24:10: 
# Command line: callpeak -t SRR500629_S288C_aln.bam -c SRR500631_S288C_aln.bam -f BAM -g 1.3e+8 --outdir macs2 -n macs_SRR500629_SRR500631_Hot1IP_mockIP_KCI
# ARGUMENTS LIST:
# name = macs_SRR500629_SRR500631_Hot1IP_mockIP_KCI
# format = BAM
# ChIP-seq file = ['SRR500629_S288C_aln.bam']
# control file = ['SRR500631_S288C_aln.bam']
# effective genome size = 1.30e+08
# band width = 300
# model fold = [5, 50]
# qvalue cutoff = 5.00e-02
# The maximum gap between significant sites is assigned as the read length/tag size.
# The minimum length of peaks is assigned as the predicted fragment length "d".
# Larger dataset will be scaled towards smaller dataset.
# Range for calculating regional lambda is: 1000 bps and 10000 bps
# Broad region calling is off
# Paired-End mode is off
 
INFO  @ Thu, 23 Sep 2021 01:24:10: #1 read tag files... 
INFO  @ Thu, 23 Sep 2021 01:24:10: #1 read treatment tags... 
INFO  @ Thu, 23 Sep 2021 01:24:12:  1000000 
INFO  @ Thu, 23 Sep 2021 01:24:15:  2000000 
INFO  @ Thu, 23 Sep 2021 01:24:17:  3000000 
INFO  @ Thu, 23 Sep 2021 01:24:20:  4000000 
INFO  @ Thu, 23 Sep 2021 01:24:22:  5000000 
INFO  @ Thu, 23 Sep 2021 01:24:25:  6000000 
INFO  @ Thu, 23 Sep 2021 01:24:27:  7000000 
INFO  @ Thu, 23 Sep 2021 01:24:29:  8000000 
INFO  @ Thu, 23 Sep 2021 01:24:32:  9000000 
INFO  @ Thu, 23 Sep 2021 01:24:34:  10000000 
INFO  @ Thu, 23 Sep 2021 01:24:37:  11000000 
INFO  @ Thu, 23 Sep 2021 01:24:39:  12000000 
INFO  @ Thu, 23 Sep 2021 01:24:41:  13000000 
INFO  @ Thu, 23 Sep 2021 01:24:44:  14000000 
INFO  @ Thu, 23 Sep 2021 01:24:46:  15000000 
INFO  @ Thu, 23 Sep 2021 01:24:49:  16000000 
INFO  @ Thu, 23 Sep 2021 01:24:51:  17000000 
INFO  @ Thu, 23 Sep 2021 01:24:53:  18000000 
INFO  @ Thu, 23 Sep 2021 01:24:55:  19000000 
INFO  @ Thu, 23 Sep 2021 01:24:58:  20000000 
INFO  @ Thu, 23 Sep 2021 01:25:00:  21000000 
INFO  @ Thu, 23 Sep 2021 01:25:03:  22000000 
INFO  @ Thu, 23 Sep 2021 01:25:05:  23000000 
INFO  @ Thu, 23 Sep 2021 01:25:07:  24000000 
INFO  @ Thu, 23 Sep 2021 01:25:10:  25000000 
INFO  @ Thu, 23 Sep 2021 01:25:12:  26000000 
INFO  @ Thu, 23 Sep 2021 01:25:15:  27000000 
INFO  @ Thu, 23 Sep 2021 01:25:17:  28000000 
INFO  @ Thu, 23 Sep 2021 01:25:19:  29000000 
INFO  @ Thu, 23 Sep 2021 01:25:22:  30000000 
INFO  @ Thu, 23 Sep 2021 01:25:24:  31000000 
INFO  @ Thu, 23 Sep 2021 01:25:27:  32000000 
INFO  @ Thu, 23 Sep 2021 01:25:29:  33000000 
INFO  @ Thu, 23 Sep 2021 01:25:31:  34000000 
INFO  @ Thu, 23 Sep 2021 01:25:34:  35000000 
INFO  @ Thu, 23 Sep 2021 01:25:36:  36000000 
INFO  @ Thu, 23 Sep 2021 01:25:39:  37000000 
INFO  @ Thu, 23 Sep 2021 01:25:41:  38000000 
INFO  @ Thu, 23 Sep 2021 01:25:44:  39000000 
INFO  @ Thu, 23 Sep 2021 01:25:46:  40000000 
INFO  @ Thu, 23 Sep 2021 01:25:49:  41000000 
INFO  @ Thu, 23 Sep 2021 01:25:51:  42000000 
INFO  @ Thu, 23 Sep 2021 01:25:54:  43000000 
INFO  @ Thu, 23 Sep 2021 01:25:56:  44000000 
INFO  @ Thu, 23 Sep 2021 01:25:59:  45000000 
INFO  @ Thu, 23 Sep 2021 01:26:02:  46000000 
INFO  @ Thu, 23 Sep 2021 01:26:04:  47000000 
INFO  @ Thu, 23 Sep 2021 01:26:07:  48000000 
INFO  @ Thu, 23 Sep 2021 01:26:09:  49000000 
INFO  @ Thu, 23 Sep 2021 01:26:12:  50000000 
INFO  @ Thu, 23 Sep 2021 01:26:15:  51000000 
INFO  @ Thu, 23 Sep 2021 01:26:17:  52000000 
INFO  @ Thu, 23 Sep 2021 01:26:19:  53000000 
INFO  @ Thu, 23 Sep 2021 01:26:22:  54000000 
INFO  @ Thu, 23 Sep 2021 01:26:25:  55000000 
INFO  @ Thu, 23 Sep 2021 01:26:27:  56000000 
INFO  @ Thu, 23 Sep 2021 01:26:30:  57000000 
INFO  @ Thu, 23 Sep 2021 01:26:33:  58000000 
INFO  @ Thu, 23 Sep 2021 01:26:35:  59000000 
INFO  @ Thu, 23 Sep 2021 01:26:38:  60000000 
INFO  @ Thu, 23 Sep 2021 01:26:40:  61000000 
INFO  @ Thu, 23 Sep 2021 01:26:43:  62000000 
INFO  @ Thu, 23 Sep 2021 01:26:45:  63000000 
INFO  @ Thu, 23 Sep 2021 01:26:48:  64000000 
INFO  @ Thu, 23 Sep 2021 01:26:50:  65000000 
INFO  @ Thu, 23 Sep 2021 01:26:52: 65921999 reads have been read. 
INFO  @ Thu, 23 Sep 2021 01:26:54: #1.2 read input tags... 
INFO  @ Thu, 23 Sep 2021 01:26:55:  1000000 
INFO  @ Thu, 23 Sep 2021 01:26:57:  2000000 
INFO  @ Thu, 23 Sep 2021 01:26:59:  3000000 
INFO  @ Thu, 23 Sep 2021 01:27:01:  4000000 
INFO  @ Thu, 23 Sep 2021 01:27:03:  5000000 
INFO  @ Thu, 23 Sep 2021 01:27:05:  6000000 
INFO  @ Thu, 23 Sep 2021 01:27:07:  7000000 
INFO  @ Thu, 23 Sep 2021 01:27:09:  8000000 
INFO  @ Thu, 23 Sep 2021 01:27:11:  9000000 
INFO  @ Thu, 23 Sep 2021 01:27:13:  10000000 
INFO  @ Thu, 23 Sep 2021 01:27:14:  11000000 
INFO  @ Thu, 23 Sep 2021 01:27:16:  12000000 
INFO  @ Thu, 23 Sep 2021 01:27:17: 12324900 reads have been read. 
INFO  @ Thu, 23 Sep 2021 01:27:17: #1 tag size is determined as 59 bps 
INFO  @ Thu, 23 Sep 2021 01:27:17: #1 tag size = 59.0 
INFO  @ Thu, 23 Sep 2021 01:27:17: #1  total tags in treatment: 65921999 
INFO  @ Thu, 23 Sep 2021 01:27:17: #1 user defined the maximum tags... 
INFO  @ Thu, 23 Sep 2021 01:27:17: #1 filter out redundant tags at the same location and the same strand by allowing at most 1 tag(s) 
INFO  @ Thu, 23 Sep 2021 01:27:17: #1  tags after filtering in treatment: 11173502 
INFO  @ Thu, 23 Sep 2021 01:27:17: #1  Redundant rate of treatment: 0.83 
INFO  @ Thu, 23 Sep 2021 01:27:17: #1  total tags in control: 12324900 
INFO  @ Thu, 23 Sep 2021 01:27:17: #1 user defined the maximum tags... 
INFO  @ Thu, 23 Sep 2021 01:27:17: #1 filter out redundant tags at the same location and the same strand by allowing at most 1 tag(s) 
INFO  @ Thu, 23 Sep 2021 01:27:17: #1  tags after filtering in control: 4909788 
INFO  @ Thu, 23 Sep 2021 01:27:17: #1  Redundant rate of control: 0.60 
INFO  @ Thu, 23 Sep 2021 01:27:17: #1 finished! 
INFO  @ Thu, 23 Sep 2021 01:27:17: #2 Build Peak Model... 
INFO  @ Thu, 23 Sep 2021 01:27:17: #2 looking for paired plus/minus strand peaks... 
INFO  @ Thu, 23 Sep 2021 01:27:21: #2 number of paired peaks: 19195 
INFO  @ Thu, 23 Sep 2021 01:27:21: start model_add_line... 
INFO  @ Thu, 23 Sep 2021 01:27:24: start X-correlation... 
INFO  @ Thu, 23 Sep 2021 01:27:24: end of X-cor 
INFO  @ Thu, 23 Sep 2021 01:27:24: #2 finished! 
INFO  @ Thu, 23 Sep 2021 01:27:24: #2 predicted fragment length is 143 bps 
INFO  @ Thu, 23 Sep 2021 01:27:24: #2 alternative fragment length(s) may be 143,593 bps 
INFO  @ Thu, 23 Sep 2021 01:27:24: #2.2 Generate R script for model : macs2/macs_SRR500629_SRR500631_Hot1IP_mockIP_KCI_model.r 
INFO  @ Thu, 23 Sep 2021 01:27:24: #3 Call peaks... 
INFO  @ Thu, 23 Sep 2021 01:27:24: #3 Pre-compute pvalue-qvalue table... 
INFO  @ Thu, 23 Sep 2021 01:27:40: #3 Call peaks for each chromosome... 
INFO  @ Thu, 23 Sep 2021 01:27:45: #4 Write output xls file... macs2/macs_SRR500629_SRR500631_Hot1IP_mockIP_KCI_peaks.xls 
INFO  @ Thu, 23 Sep 2021 01:27:45: #4 Write peak in narrowPeak format file... macs2/macs_SRR500629_SRR500631_Hot1IP_mockIP_KCI_peaks.narrowPeak 
INFO  @ Thu, 23 Sep 2021 01:27:45: #4 Write summits bed file... macs2/macs_SRR500629_SRR500631_Hot1IP_mockIP_KCI_summits.bed 
INFO  @ Thu, 23 Sep 2021 01:27:45: Done! 
